{"/home/jonah/2A/test_integration/tp-jest/src/book.repository.js": {"path":"/home/jonah/2A/test_integration/tp-jest/src/book.repository.js","statementMap":{"0":{"start":{"line":7,"column":8},"end":{"line":7,"column":21}},"1":{"start":{"line":11,"column":8},"end":{"line":11,"column":96}},"2":{"start":{"line":11,"column":56},"end":{"line":11,"column":96}},"3":{"start":{"line":18,"column":8},"end":{"line":18,"column":51}},"4":{"start":{"line":25,"column":21},"end":{"line":25,"column":22}},"5":{"start":{"line":26,"column":21},"end":{"line":26,"column":41}},"6":{"start":{"line":28,"column":8},"end":{"line":30,"column":9}},"7":{"start":{"line":28,"column":20},"end":{"line":28,"column":21}},"8":{"start":{"line":29,"column":12},"end":{"line":29,"column":68}},"9":{"start":{"line":32,"column":8},"end":{"line":32,"column":22}},"10":{"start":{"line":40,"column":21},"end":{"line":40,"column":25}},"11":{"start":{"line":42,"column":8},"end":{"line":45,"column":9}},"12":{"start":{"line":43,"column":12},"end":{"line":43,"column":73}},"13":{"start":{"line":44,"column":12},"end":{"line":44,"column":60}},"14":{"start":{"line":44,"column":46},"end":{"line":44,"column":60}},"15":{"start":{"line":47,"column":8},"end":{"line":47,"column":22}},"16":{"start":{"line":70,"column":21},"end":{"line":70,"column":23}},"17":{"start":{"line":71,"column":8},"end":{"line":112,"column":9}},"18":{"start":{"line":72,"column":24},"end":{"line":72,"column":96}},"19":{"start":{"line":74,"column":12},"end":{"line":111,"column":13}},"20":{"start":{"line":75,"column":29},"end":{"line":75,"column":41}},"21":{"start":{"line":77,"column":16},"end":{"line":110,"column":17}},"22":{"start":{"line":78,"column":31},"end":{"line":78,"column":72}},"23":{"start":{"line":79,"column":32},"end":{"line":79,"column":74}},"24":{"start":{"line":80,"column":32},"end":{"line":80,"column":33}},"25":{"start":{"line":81,"column":43},"end":{"line":81,"column":44}},"26":{"start":{"line":84,"column":20},"end":{"line":102,"column":21}},"27":{"start":{"line":84,"column":32},"end":{"line":84,"column":33}},"28":{"start":{"line":85,"column":24},"end":{"line":85,"column":62}},"29":{"start":{"line":86,"column":24},"end":{"line":86,"column":56}},"30":{"start":{"line":87,"column":24},"end":{"line":87,"column":58}},"31":{"start":{"line":88,"column":24},"end":{"line":99,"column":25}},"32":{"start":{"line":89,"column":28},"end":{"line":94,"column":31}},"33":{"start":{"line":96,"column":28},"end":{"line":96,"column":38}},"34":{"start":{"line":97,"column":28},"end":{"line":97,"column":43}},"35":{"start":{"line":98,"column":28},"end":{"line":98,"column":45}},"36":{"start":{"line":100,"column":24},"end":{"line":100,"column":32}},"37":{"start":{"line":101,"column":24},"end":{"line":101,"column":43}},"38":{"start":{"line":104,"column":20},"end":{"line":109,"column":23}},"39":{"start":{"line":114,"column":8},"end":{"line":114,"column":22}},"40":{"start":{"line":121,"column":0},"end":{"line":121,"column":32}}},"fnMap":{"0":{"name":"(anonymous_0)","decl":{"start":{"line":6,"column":4},"end":{"line":6,"column":5}},"loc":{"start":{"line":6,"column":20},"end":{"line":8,"column":5}},"line":6},"1":{"name":"(anonymous_1)","decl":{"start":{"line":10,"column":4},"end":{"line":10,"column":5}},"loc":{"start":{"line":10,"column":16},"end":{"line":12,"column":5}},"line":10},"2":{"name":"(anonymous_2)","decl":{"start":{"line":17,"column":4},"end":{"line":17,"column":5}},"loc":{"start":{"line":17,"column":20},"end":{"line":19,"column":5}},"line":17},"3":{"name":"(anonymous_3)","decl":{"start":{"line":24,"column":4},"end":{"line":24,"column":5}},"loc":{"start":{"line":24,"column":20},"end":{"line":33,"column":5}},"line":24},"4":{"name":"(anonymous_4)","decl":{"start":{"line":39,"column":4},"end":{"line":39,"column":5}},"loc":{"start":{"line":39,"column":28},"end":{"line":48,"column":5}},"line":39},"5":{"name":"(anonymous_5)","decl":{"start":{"line":69,"column":4},"end":{"line":69,"column":5}},"loc":{"start":{"line":69,"column":39},"end":{"line":115,"column":5}},"line":69}},"branchMap":{"0":{"loc":{"start":{"line":11,"column":8},"end":{"line":11,"column":96}},"type":"if","locations":[{"start":{"line":11,"column":8},"end":{"line":11,"column":96}},{"start":{"line":11,"column":8},"end":{"line":11,"column":96}}],"line":11},"1":{"loc":{"start":{"line":11,"column":11},"end":{"line":11,"column":54}},"type":"binary-expr","locations":[{"start":{"line":11,"column":11},"end":{"line":11,"column":23}},{"start":{"line":11,"column":27},"end":{"line":11,"column":54}}],"line":11},"2":{"loc":{"start":{"line":42,"column":8},"end":{"line":45,"column":9}},"type":"if","locations":[{"start":{"line":42,"column":8},"end":{"line":45,"column":9}},{"start":{"line":42,"column":8},"end":{"line":45,"column":9}}],"line":42},"3":{"loc":{"start":{"line":42,"column":11},"end":{"line":42,"column":62}},"type":"binary-expr","locations":[{"start":{"line":42,"column":11},"end":{"line":42,"column":27}},{"start":{"line":42,"column":31},"end":{"line":42,"column":62}}],"line":42},"4":{"loc":{"start":{"line":44,"column":12},"end":{"line":44,"column":60}},"type":"if","locations":[{"start":{"line":44,"column":12},"end":{"line":44,"column":60}},{"start":{"line":44,"column":12},"end":{"line":44,"column":60}}],"line":44},"5":{"loc":{"start":{"line":71,"column":8},"end":{"line":112,"column":9}},"type":"if","locations":[{"start":{"line":71,"column":8},"end":{"line":112,"column":9}},{"start":{"line":71,"column":8},"end":{"line":112,"column":9}}],"line":71},"6":{"loc":{"start":{"line":71,"column":11},"end":{"line":71,"column":62}},"type":"binary-expr","locations":[{"start":{"line":71,"column":11},"end":{"line":71,"column":42}},{"start":{"line":71,"column":46},"end":{"line":71,"column":62}}],"line":71},"7":{"loc":{"start":{"line":74,"column":12},"end":{"line":111,"column":13}},"type":"if","locations":[{"start":{"line":74,"column":12},"end":{"line":111,"column":13}},{"start":{"line":74,"column":12},"end":{"line":111,"column":13}}],"line":74},"8":{"loc":{"start":{"line":74,"column":15},"end":{"line":74,"column":60}},"type":"binary-expr","locations":[{"start":{"line":74,"column":15},"end":{"line":74,"column":43}},{"start":{"line":74,"column":47},"end":{"line":74,"column":60}}],"line":74},"9":{"loc":{"start":{"line":77,"column":16},"end":{"line":110,"column":17}},"type":"if","locations":[{"start":{"line":77,"column":16},"end":{"line":110,"column":17}},{"start":{"line":77,"column":16},"end":{"line":110,"column":17}}],"line":77},"10":{"loc":{"start":{"line":88,"column":24},"end":{"line":99,"column":25}},"type":"if","locations":[{"start":{"line":88,"column":24},"end":{"line":99,"column":25}},{"start":{"line":88,"column":24},"end":{"line":99,"column":25}}],"line":88},"11":{"loc":{"start":{"line":88,"column":27},"end":{"line":88,"column":63}},"type":"binary-expr","locations":[{"start":{"line":88,"column":27},"end":{"line":88,"column":42}},{"start":{"line":88,"column":46},"end":{"line":88,"column":63}}],"line":88}},"s":{"0":17,"1":2,"2":1,"3":5,"4":3,"5":3,"6":3,"7":3,"8":11,"9":3,"10":5,"11":5,"12":3,"13":3,"14":1,"15":5,"16":5,"17":5,"18":4,"19":4,"20":3,"21":3,"22":2,"23":2,"24":2,"25":2,"26":2,"27":2,"28":8,"29":8,"30":8,"31":8,"32":6,"33":6,"34":6,"35":6,"36":8,"37":8,"38":2,"39":5,"40":1},"f":{"0":17,"1":2,"2":5,"3":3,"4":5,"5":5},"b":{"0":[1,1],"1":[2,1],"2":[3,2],"3":[5,3],"4":[1,2],"5":[4,1],"6":[5,4],"7":[3,1],"8":[4,3],"9":[2,1],"10":[6,2],"11":[8,6]},"_coverageSchema":"43e27e138ebf9cfc5966b082cf9a028302ed4184","hash":"27328334c32c9005d6f0f9507dcc0cdd28592fa6"}
,"/home/jonah/2A/test_integration/tp-jest/src/interval.js": {"path":"/home/jonah/2A/test_integration/tp-jest/src/interval.js","statementMap":{"0":{"start":{"line":3,"column":8},"end":{"line":3,"column":27}},"1":{"start":{"line":4,"column":8},"end":{"line":4,"column":22}},"2":{"start":{"line":8,"column":8},"end":{"line":8,"column":55}},"3":{"start":{"line":26,"column":8},"end":{"line":26,"column":70}},"4":{"start":{"line":46,"column":8},"end":{"line":46,"column":72}},"5":{"start":{"line":66,"column":25},"end":{"line":66,"column":27}},"6":{"start":{"line":67,"column":8},"end":{"line":78,"column":9}},"7":{"start":{"line":68,"column":12},"end":{"line":74,"column":13}},"8":{"start":{"line":69,"column":16},"end":{"line":69,"column":157}},"9":{"start":{"line":72,"column":16},"end":{"line":72,"column":37}},"10":{"start":{"line":73,"column":16},"end":{"line":73,"column":41}},"11":{"start":{"line":77,"column":12},"end":{"line":77,"column":33}},"12":{"start":{"line":81,"column":8},"end":{"line":81,"column":25}},"13":{"start":{"line":101,"column":21},"end":{"line":101,"column":25}},"14":{"start":{"line":102,"column":8},"end":{"line":104,"column":9}},"15":{"start":{"line":103,"column":12},"end":{"line":103,"column":146}},"16":{"start":{"line":106,"column":8},"end":{"line":106,"column":22}},"17":{"start":{"line":126,"column":25},"end":{"line":126,"column":27}},"18":{"start":{"line":127,"column":8},"end":{"line":168,"column":34}},"19":{"start":{"line":128,"column":12},"end":{"line":166,"column":13}},"20":{"start":{"line":131,"column":16},"end":{"line":158,"column":17}},"21":{"start":{"line":132,"column":20},"end":{"line":143,"column":21}},"22":{"start":{"line":133,"column":24},"end":{"line":133,"column":44}},"23":{"start":{"line":134,"column":24},"end":{"line":134,"column":42}},"24":{"start":{"line":135,"column":24},"end":{"line":135,"column":46}},"25":{"start":{"line":136,"column":24},"end":{"line":136,"column":44}},"26":{"start":{"line":139,"column":24},"end":{"line":139,"column":44}},"27":{"start":{"line":140,"column":24},"end":{"line":140,"column":46}},"28":{"start":{"line":141,"column":24},"end":{"line":141,"column":46}},"29":{"start":{"line":142,"column":24},"end":{"line":142,"column":40}},"30":{"start":{"line":146,"column":20},"end":{"line":157,"column":21}},"31":{"start":{"line":147,"column":24},"end":{"line":147,"column":48}},"32":{"start":{"line":148,"column":24},"end":{"line":148,"column":42}},"33":{"start":{"line":149,"column":24},"end":{"line":149,"column":42}},"34":{"start":{"line":150,"column":24},"end":{"line":150,"column":44}},"35":{"start":{"line":153,"column":24},"end":{"line":153,"column":48}},"36":{"start":{"line":154,"column":24},"end":{"line":154,"column":46}},"37":{"start":{"line":155,"column":24},"end":{"line":155,"column":42}},"38":{"start":{"line":156,"column":24},"end":{"line":156,"column":40}},"39":{"start":{"line":160,"column":16},"end":{"line":160,"column":59}},"40":{"start":{"line":161,"column":16},"end":{"line":161,"column":59}},"41":{"start":{"line":164,"column":16},"end":{"line":164,"column":37}},"42":{"start":{"line":165,"column":16},"end":{"line":165,"column":41}},"43":{"start":{"line":168,"column":13},"end":{"line":168,"column":34}},"44":{"start":{"line":170,"column":8},"end":{"line":170,"column":25}},"45":{"start":{"line":175,"column":0},"end":{"line":175,"column":26}}},"fnMap":{"0":{"name":"(anonymous_0)","decl":{"start":{"line":2,"column":4},"end":{"line":2,"column":5}},"loc":{"start":{"line":2,"column":28},"end":{"line":5,"column":5}},"line":2},"1":{"name":"(anonymous_1)","decl":{"start":{"line":7,"column":4},"end":{"line":7,"column":5}},"loc":{"start":{"line":7,"column":15},"end":{"line":9,"column":5}},"line":7},"2":{"name":"(anonymous_2)","decl":{"start":{"line":25,"column":4},"end":{"line":25,"column":5}},"loc":{"start":{"line":25,"column":23},"end":{"line":27,"column":5}},"line":25},"3":{"name":"(anonymous_3)","decl":{"start":{"line":45,"column":4},"end":{"line":45,"column":5}},"loc":{"start":{"line":45,"column":23},"end":{"line":47,"column":5}},"line":45},"4":{"name":"(anonymous_4)","decl":{"start":{"line":65,"column":4},"end":{"line":65,"column":5}},"loc":{"start":{"line":65,"column":20},"end":{"line":82,"column":5}},"line":65},"5":{"name":"(anonymous_5)","decl":{"start":{"line":100,"column":4},"end":{"line":100,"column":5}},"loc":{"start":{"line":100,"column":27},"end":{"line":107,"column":5}},"line":100},"6":{"name":"(anonymous_6)","decl":{"start":{"line":125,"column":4},"end":{"line":125,"column":5}},"loc":{"start":{"line":125,"column":24},"end":{"line":171,"column":5}},"line":125}},"branchMap":{"0":{"loc":{"start":{"line":26,"column":15},"end":{"line":26,"column":69}},"type":"binary-expr","locations":[{"start":{"line":26,"column":15},"end":{"line":26,"column":40}},{"start":{"line":26,"column":44},"end":{"line":26,"column":69}}],"line":26},"1":{"loc":{"start":{"line":46,"column":15},"end":{"line":46,"column":71}},"type":"binary-expr","locations":[{"start":{"line":46,"column":15},"end":{"line":46,"column":43}},{"start":{"line":46,"column":47},"end":{"line":46,"column":71}}],"line":46},"2":{"loc":{"start":{"line":67,"column":8},"end":{"line":78,"column":9}},"type":"if","locations":[{"start":{"line":67,"column":8},"end":{"line":78,"column":9}},{"start":{"line":67,"column":8},"end":{"line":78,"column":9}}],"line":67},"3":{"loc":{"start":{"line":67,"column":11},"end":{"line":67,"column":62}},"type":"binary-expr","locations":[{"start":{"line":67,"column":11},"end":{"line":67,"column":42}},{"start":{"line":67,"column":46},"end":{"line":67,"column":62}}],"line":67},"4":{"loc":{"start":{"line":68,"column":12},"end":{"line":74,"column":13}},"type":"if","locations":[{"start":{"line":68,"column":12},"end":{"line":74,"column":13}},{"start":{"line":68,"column":12},"end":{"line":74,"column":13}}],"line":68},"5":{"loc":{"start":{"line":68,"column":15},"end":{"line":68,"column":71}},"type":"binary-expr","locations":[{"start":{"line":68,"column":15},"end":{"line":68,"column":41}},{"start":{"line":68,"column":45},"end":{"line":68,"column":71}}],"line":68},"6":{"loc":{"start":{"line":69,"column":44},"end":{"line":69,"column":102}},"type":"cond-expr","locations":[{"start":{"line":69,"column":75},"end":{"line":69,"column":85}},{"start":{"line":69,"column":88},"end":{"line":69,"column":102}}],"line":69},"7":{"loc":{"start":{"line":69,"column":104},"end":{"line":69,"column":154}},"type":"cond-expr","locations":[{"start":{"line":69,"column":131},"end":{"line":69,"column":139}},{"start":{"line":69,"column":142},"end":{"line":69,"column":154}}],"line":69},"8":{"loc":{"start":{"line":102,"column":8},"end":{"line":104,"column":9}},"type":"if","locations":[{"start":{"line":102,"column":8},"end":{"line":104,"column":9}},{"start":{"line":102,"column":8},"end":{"line":104,"column":9}}],"line":102},"9":{"loc":{"start":{"line":102,"column":11},"end":{"line":102,"column":122}},"type":"binary-expr","locations":[{"start":{"line":102,"column":11},"end":{"line":102,"column":42}},{"start":{"line":102,"column":46},"end":{"line":102,"column":62}},{"start":{"line":102,"column":66},"end":{"line":102,"column":92}},{"start":{"line":102,"column":96},"end":{"line":102,"column":122}}],"line":102},"10":{"loc":{"start":{"line":103,"column":34},"end":{"line":103,"column":92}},"type":"cond-expr","locations":[{"start":{"line":103,"column":65},"end":{"line":103,"column":75}},{"start":{"line":103,"column":78},"end":{"line":103,"column":92}}],"line":103},"11":{"loc":{"start":{"line":103,"column":94},"end":{"line":103,"column":144}},"type":"cond-expr","locations":[{"start":{"line":103,"column":121},"end":{"line":103,"column":129}},{"start":{"line":103,"column":132},"end":{"line":103,"column":144}}],"line":103},"12":{"loc":{"start":{"line":127,"column":8},"end":{"line":168,"column":34}},"type":"if","locations":[{"start":{"line":127,"column":8},"end":{"line":168,"column":34}},{"start":{"line":127,"column":8},"end":{"line":168,"column":34}}],"line":127},"13":{"loc":{"start":{"line":127,"column":11},"end":{"line":127,"column":63}},"type":"binary-expr","locations":[{"start":{"line":127,"column":11},"end":{"line":127,"column":42}},{"start":{"line":127,"column":47},"end":{"line":127,"column":63}}],"line":127},"14":{"loc":{"start":{"line":128,"column":12},"end":{"line":166,"column":13}},"type":"if","locations":[{"start":{"line":128,"column":12},"end":{"line":166,"column":13}},{"start":{"line":128,"column":12},"end":{"line":166,"column":13}}],"line":128},"15":{"loc":{"start":{"line":128,"column":15},"end":{"line":128,"column":71}},"type":"binary-expr","locations":[{"start":{"line":128,"column":15},"end":{"line":128,"column":41}},{"start":{"line":128,"column":45},"end":{"line":128,"column":71}}],"line":128},"16":{"loc":{"start":{"line":131,"column":16},"end":{"line":158,"column":17}},"type":"if","locations":[{"start":{"line":131,"column":16},"end":{"line":158,"column":17}},{"start":{"line":131,"column":16},"end":{"line":158,"column":17}}],"line":131},"17":{"loc":{"start":{"line":132,"column":20},"end":{"line":143,"column":21}},"type":"if","locations":[{"start":{"line":132,"column":20},"end":{"line":143,"column":21}},{"start":{"line":132,"column":20},"end":{"line":143,"column":21}}],"line":132},"18":{"loc":{"start":{"line":146,"column":20},"end":{"line":157,"column":21}},"type":"if","locations":[{"start":{"line":146,"column":20},"end":{"line":157,"column":21}},{"start":{"line":146,"column":20},"end":{"line":157,"column":21}}],"line":146}},"s":{"0":56,"1":56,"2":1,"3":2,"4":2,"5":6,"6":6,"7":4,"8":3,"9":1,"10":1,"11":2,"12":6,"13":6,"14":6,"15":3,"16":6,"17":8,"18":8,"19":6,"20":5,"21":3,"22":2,"23":2,"24":2,"25":2,"26":1,"27":1,"28":1,"29":1,"30":2,"31":1,"32":1,"33":1,"34":1,"35":1,"36":1,"37":1,"38":1,"39":5,"40":5,"41":1,"42":1,"43":2,"44":8,"45":1},"f":{"0":56,"1":1,"2":2,"3":2,"4":6,"5":6,"6":8},"b":{"0":[2,1],"1":[2,2],"2":[4,2],"3":[6,5],"4":[3,1],"5":[4,3],"6":[1,2],"7":[2,1],"8":[3,3],"9":[6,4,4,3],"10":[1,2],"11":[1,2],"12":[6,2],"13":[8,7],"14":[5,1],"15":[6,5],"16":[3,2],"17":[2,1],"18":[1,1]},"_coverageSchema":"43e27e138ebf9cfc5966b082cf9a028302ed4184","hash":"88952735d1772d06fe92dc69f1a7c457b17ff78c"}
,"/home/jonah/2A/test_integration/tp-jest/src/math.js": {"path":"/home/jonah/2A/test_integration/tp-jest/src/math.js","statementMap":{"0":{"start":{"line":1,"column":11},"end":{"line":1,"column":13}},"1":{"start":{"line":2,"column":0},"end":{"line":16,"column":2}},"2":{"start":{"line":3,"column":4},"end":{"line":5,"column":5}},"3":{"start":{"line":4,"column":8},"end":{"line":4,"column":17}},"4":{"start":{"line":7,"column":4},"end":{"line":9,"column":5}},"5":{"start":{"line":8,"column":8},"end":{"line":8,"column":27}},"6":{"start":{"line":11,"column":4},"end":{"line":13,"column":5}},"7":{"start":{"line":12,"column":8},"end":{"line":12,"column":29}},"8":{"start":{"line":15,"column":4},"end":{"line":15,"column":37}},"9":{"start":{"line":26,"column":0},"end":{"line":37,"column":2}},"10":{"start":{"line":27,"column":4},"end":{"line":29,"column":5}},"11":{"start":{"line":28,"column":8},"end":{"line":28,"column":21}},"12":{"start":{"line":30,"column":4},"end":{"line":32,"column":5}},"13":{"start":{"line":31,"column":8},"end":{"line":31,"column":49}},"14":{"start":{"line":33,"column":4},"end":{"line":34,"column":38}},"15":{"start":{"line":33,"column":17},"end":{"line":33,"column":18}},"16":{"start":{"line":34,"column":8},"end":{"line":34,"column":38}},"17":{"start":{"line":34,"column":25},"end":{"line":34,"column":38}},"18":{"start":{"line":35,"column":4},"end":{"line":35,"column":16}},"19":{"start":{"line":49,"column":0},"end":{"line":59,"column":2}},"20":{"start":{"line":50,"column":16},"end":{"line":50,"column":17}},"21":{"start":{"line":52,"column":4},"end":{"line":56,"column":5}},"22":{"start":{"line":52,"column":16},"end":{"line":52,"column":17}},"23":{"start":{"line":53,"column":8},"end":{"line":55,"column":9}},"24":{"start":{"line":54,"column":12},"end":{"line":54,"column":23}},"25":{"start":{"line":58,"column":4},"end":{"line":58,"column":17}},"26":{"start":{"line":73,"column":0},"end":{"line":91,"column":2}},"27":{"start":{"line":74,"column":14},"end":{"line":74,"column":16}},"28":{"start":{"line":76,"column":4},"end":{"line":76,"column":19}},"29":{"start":{"line":78,"column":4},"end":{"line":88,"column":5}},"30":{"start":{"line":78,"column":16},"end":{"line":78,"column":17}},"31":{"start":{"line":79,"column":8},"end":{"line":87,"column":9}},"32":{"start":{"line":80,"column":12},"end":{"line":80,"column":36}},"33":{"start":{"line":81,"column":14},"end":{"line":87,"column":9}},"34":{"start":{"line":82,"column":12},"end":{"line":82,"column":30}},"35":{"start":{"line":83,"column":14},"end":{"line":87,"column":9}},"36":{"start":{"line":84,"column":12},"end":{"line":84,"column":30}},"37":{"start":{"line":86,"column":12},"end":{"line":86,"column":27}},"38":{"start":{"line":90,"column":4},"end":{"line":90,"column":15}},"39":{"start":{"line":102,"column":0},"end":{"line":113,"column":2}},"40":{"start":{"line":103,"column":15},"end":{"line":103,"column":28}},"41":{"start":{"line":105,"column":18},"end":{"line":105,"column":20}},"42":{"start":{"line":107,"column":4},"end":{"line":110,"column":5}},"43":{"start":{"line":107,"column":16},"end":{"line":107,"column":17}},"44":{"start":{"line":108,"column":8},"end":{"line":109,"column":34}},"45":{"start":{"line":108,"column":30},"end":{"line":108,"column":90}},"46":{"start":{"line":109,"column":13},"end":{"line":109,"column":34}},"47":{"start":{"line":112,"column":4},"end":{"line":112,"column":19}},"48":{"start":{"line":128,"column":0},"end":{"line":150,"column":2}},"49":{"start":{"line":129,"column":16},"end":{"line":129,"column":17}},"50":{"start":{"line":130,"column":4},"end":{"line":148,"column":5}},"51":{"start":{"line":131,"column":18},"end":{"line":131,"column":19}},"52":{"start":{"line":133,"column":8},"end":{"line":133,"column":21}},"53":{"start":{"line":135,"column":21},"end":{"line":135,"column":33}},"54":{"start":{"line":136,"column":8},"end":{"line":144,"column":9}},"55":{"start":{"line":136,"column":21},"end":{"line":136,"column":22}},"56":{"start":{"line":137,"column":12},"end":{"line":143,"column":13}},"57":{"start":{"line":138,"column":16},"end":{"line":138,"column":22}},"58":{"start":{"line":141,"column":16},"end":{"line":141,"column":38}},"59":{"start":{"line":142,"column":16},"end":{"line":142,"column":24}},"60":{"start":{"line":145,"column":8},"end":{"line":147,"column":9}},"61":{"start":{"line":146,"column":12},"end":{"line":146,"column":34}},"62":{"start":{"line":149,"column":4},"end":{"line":149,"column":17}},"63":{"start":{"line":152,"column":0},"end":{"line":152,"column":22}}},"fnMap":{"0":{"name":"(anonymous_0)","decl":{"start":{"line":2,"column":17},"end":{"line":2,"column":18}},"loc":{"start":{"line":2,"column":24},"end":{"line":16,"column":1}},"line":2},"1":{"name":"(anonymous_1)","decl":{"start":{"line":26,"column":15},"end":{"line":26,"column":16}},"loc":{"start":{"line":26,"column":28},"end":{"line":37,"column":1}},"line":26},"2":{"name":"(anonymous_2)","decl":{"start":{"line":49,"column":16},"end":{"line":49,"column":17}},"loc":{"start":{"line":49,"column":28},"end":{"line":59,"column":1}},"line":49},"3":{"name":"(anonymous_3)","decl":{"start":{"line":73,"column":16},"end":{"line":73,"column":17}},"loc":{"start":{"line":73,"column":28},"end":{"line":91,"column":1}},"line":73},"4":{"name":"(anonymous_4)","decl":{"start":{"line":102,"column":14},"end":{"line":102,"column":15}},"loc":{"start":{"line":102,"column":32},"end":{"line":113,"column":1}},"line":102},"5":{"name":"(anonymous_5)","decl":{"start":{"line":128,"column":13},"end":{"line":128,"column":14}},"loc":{"start":{"line":128,"column":29},"end":{"line":150,"column":1}},"line":128}},"branchMap":{"0":{"loc":{"start":{"line":3,"column":4},"end":{"line":5,"column":5}},"type":"if","locations":[{"start":{"line":3,"column":4},"end":{"line":5,"column":5}},{"start":{"line":3,"column":4},"end":{"line":5,"column":5}}],"line":3},"1":{"loc":{"start":{"line":7,"column":4},"end":{"line":9,"column":5}},"type":"if","locations":[{"start":{"line":7,"column":4},"end":{"line":9,"column":5}},{"start":{"line":7,"column":4},"end":{"line":9,"column":5}}],"line":7},"2":{"loc":{"start":{"line":11,"column":4},"end":{"line":13,"column":5}},"type":"if","locations":[{"start":{"line":11,"column":4},"end":{"line":13,"column":5}},{"start":{"line":11,"column":4},"end":{"line":13,"column":5}}],"line":11},"3":{"loc":{"start":{"line":27,"column":4},"end":{"line":29,"column":5}},"type":"if","locations":[{"start":{"line":27,"column":4},"end":{"line":29,"column":5}},{"start":{"line":27,"column":4},"end":{"line":29,"column":5}}],"line":27},"4":{"loc":{"start":{"line":27,"column":8},"end":{"line":27,"column":26}},"type":"binary-expr","locations":[{"start":{"line":27,"column":8},"end":{"line":27,"column":15}},{"start":{"line":27,"column":19},"end":{"line":27,"column":26}}],"line":27},"5":{"loc":{"start":{"line":30,"column":4},"end":{"line":32,"column":5}},"type":"if","locations":[{"start":{"line":30,"column":4},"end":{"line":32,"column":5}},{"start":{"line":30,"column":4},"end":{"line":32,"column":5}}],"line":30},"6":{"loc":{"start":{"line":34,"column":8},"end":{"line":34,"column":38}},"type":"if","locations":[{"start":{"line":34,"column":8},"end":{"line":34,"column":38}},{"start":{"line":34,"column":8},"end":{"line":34,"column":38}}],"line":34},"7":{"loc":{"start":{"line":53,"column":8},"end":{"line":55,"column":9}},"type":"if","locations":[{"start":{"line":53,"column":8},"end":{"line":55,"column":9}},{"start":{"line":53,"column":8},"end":{"line":55,"column":9}}],"line":53},"8":{"loc":{"start":{"line":79,"column":8},"end":{"line":87,"column":9}},"type":"if","locations":[{"start":{"line":79,"column":8},"end":{"line":87,"column":9}},{"start":{"line":79,"column":8},"end":{"line":87,"column":9}}],"line":79},"9":{"loc":{"start":{"line":79,"column":12},"end":{"line":79,"column":36}},"type":"binary-expr","locations":[{"start":{"line":79,"column":12},"end":{"line":79,"column":22}},{"start":{"line":79,"column":26},"end":{"line":79,"column":36}}],"line":79},"10":{"loc":{"start":{"line":81,"column":14},"end":{"line":87,"column":9}},"type":"if","locations":[{"start":{"line":81,"column":14},"end":{"line":87,"column":9}},{"start":{"line":81,"column":14},"end":{"line":87,"column":9}}],"line":81},"11":{"loc":{"start":{"line":83,"column":14},"end":{"line":87,"column":9}},"type":"if","locations":[{"start":{"line":83,"column":14},"end":{"line":87,"column":9}},{"start":{"line":83,"column":14},"end":{"line":87,"column":9}}],"line":83},"12":{"loc":{"start":{"line":108,"column":8},"end":{"line":109,"column":34}},"type":"if","locations":[{"start":{"line":108,"column":8},"end":{"line":109,"column":34}},{"start":{"line":108,"column":8},"end":{"line":109,"column":34}}],"line":108},"13":{"loc":{"start":{"line":130,"column":4},"end":{"line":148,"column":5}},"type":"if","locations":[{"start":{"line":130,"column":4},"end":{"line":148,"column":5}},{"start":{"line":130,"column":4},"end":{"line":148,"column":5}}],"line":130},"14":{"loc":{"start":{"line":130,"column":7},"end":{"line":130,"column":52}},"type":"binary-expr","locations":[{"start":{"line":130,"column":7},"end":{"line":130,"column":35}},{"start":{"line":130,"column":39},"end":{"line":130,"column":52}}],"line":130},"15":{"loc":{"start":{"line":137,"column":12},"end":{"line":143,"column":13}},"type":"if","locations":[{"start":{"line":137,"column":12},"end":{"line":143,"column":13}},{"start":{"line":137,"column":12},"end":{"line":143,"column":13}}],"line":137},"16":{"loc":{"start":{"line":145,"column":8},"end":{"line":147,"column":9}},"type":"if","locations":[{"start":{"line":145,"column":8},"end":{"line":147,"column":9}},{"start":{"line":145,"column":8},"end":{"line":147,"column":9}}],"line":145}},"s":{"0":1,"1":1,"2":11,"3":3,"4":8,"5":1,"6":7,"7":1,"8":6,"9":1,"10":18,"11":2,"12":16,"13":1,"14":15,"15":15,"16":89,"17":7,"18":8,"19":1,"20":1,"21":1,"22":1,"23":9,"24":4,"25":1,"26":1,"27":1,"28":1,"29":1,"30":1,"31":15,"32":1,"33":14,"34":4,"35":10,"36":2,"37":8,"38":1,"39":1,"40":1,"41":1,"42":1,"43":1,"44":13,"45":12,"46":1,"47":1,"48":1,"49":6,"50":6,"51":4,"52":4,"53":4,"54":4,"55":4,"56":7,"57":5,"58":2,"59":2,"60":4,"61":2,"62":6,"63":1},"f":{"0":11,"1":18,"2":1,"3":1,"4":1,"5":6},"b":{"0":[3,8],"1":[1,7],"2":[1,6],"3":[2,16],"4":[18,17],"5":[1,15],"6":[7,82],"7":[4,5],"8":[1,14],"9":[15,5],"10":[4,10],"11":[2,8],"12":[12,1],"13":[4,2],"14":[6,5],"15":[5,2],"16":[2,2]},"_coverageSchema":"43e27e138ebf9cfc5966b082cf9a028302ed4184","hash":"726b1bbcd26381b14be95a4a13f763f82c141a2f"}
}
