{"/home/jonah/2A/test_integration/tp-jest/src/interval.js": {"path":"/home/jonah/2A/test_integration/tp-jest/src/interval.js","statementMap":{"0":{"start":{"line":3,"column":8},"end":{"line":3,"column":27}},"1":{"start":{"line":4,"column":8},"end":{"line":4,"column":22}},"2":{"start":{"line":8,"column":8},"end":{"line":8,"column":55}},"3":{"start":{"line":26,"column":8},"end":{"line":26,"column":70}},"4":{"start":{"line":46,"column":8},"end":{"line":46,"column":72}},"5":{"start":{"line":66,"column":25},"end":{"line":66,"column":27}},"6":{"start":{"line":67,"column":8},"end":{"line":73,"column":9}},"7":{"start":{"line":68,"column":12},"end":{"line":68,"column":153}},"8":{"start":{"line":71,"column":12},"end":{"line":71,"column":33}},"9":{"start":{"line":72,"column":12},"end":{"line":72,"column":37}},"10":{"start":{"line":75,"column":8},"end":{"line":75,"column":25}},"11":{"start":{"line":95,"column":21},"end":{"line":95,"column":25}},"12":{"start":{"line":96,"column":8},"end":{"line":98,"column":9}},"13":{"start":{"line":97,"column":12},"end":{"line":97,"column":146}},"14":{"start":{"line":100,"column":8},"end":{"line":100,"column":22}},"15":{"start":{"line":120,"column":25},"end":{"line":120,"column":27}},"16":{"start":{"line":121,"column":8},"end":{"line":143,"column":9}},"17":{"start":{"line":124,"column":12},"end":{"line":135,"column":13}},"18":{"start":{"line":125,"column":16},"end":{"line":125,"column":36}},"19":{"start":{"line":126,"column":16},"end":{"line":126,"column":34}},"20":{"start":{"line":127,"column":16},"end":{"line":127,"column":38}},"21":{"start":{"line":128,"column":16},"end":{"line":128,"column":36}},"22":{"start":{"line":131,"column":16},"end":{"line":131,"column":40}},"23":{"start":{"line":132,"column":16},"end":{"line":132,"column":38}},"24":{"start":{"line":133,"column":16},"end":{"line":133,"column":34}},"25":{"start":{"line":134,"column":16},"end":{"line":134,"column":32}},"26":{"start":{"line":137,"column":12},"end":{"line":137,"column":55}},"27":{"start":{"line":138,"column":12},"end":{"line":138,"column":55}},"28":{"start":{"line":141,"column":12},"end":{"line":141,"column":33}},"29":{"start":{"line":142,"column":12},"end":{"line":142,"column":37}},"30":{"start":{"line":145,"column":8},"end":{"line":145,"column":25}},"31":{"start":{"line":149,"column":0},"end":{"line":149,"column":26}}},"fnMap":{"0":{"name":"(anonymous_0)","decl":{"start":{"line":2,"column":4},"end":{"line":2,"column":5}},"loc":{"start":{"line":2,"column":28},"end":{"line":5,"column":5}},"line":2},"1":{"name":"(anonymous_1)","decl":{"start":{"line":7,"column":4},"end":{"line":7,"column":5}},"loc":{"start":{"line":7,"column":15},"end":{"line":9,"column":5}},"line":7},"2":{"name":"(anonymous_2)","decl":{"start":{"line":25,"column":4},"end":{"line":25,"column":5}},"loc":{"start":{"line":25,"column":23},"end":{"line":27,"column":5}},"line":25},"3":{"name":"(anonymous_3)","decl":{"start":{"line":45,"column":4},"end":{"line":45,"column":5}},"loc":{"start":{"line":45,"column":23},"end":{"line":47,"column":5}},"line":45},"4":{"name":"(anonymous_4)","decl":{"start":{"line":65,"column":4},"end":{"line":65,"column":5}},"loc":{"start":{"line":65,"column":20},"end":{"line":76,"column":5}},"line":65},"5":{"name":"(anonymous_5)","decl":{"start":{"line":94,"column":4},"end":{"line":94,"column":5}},"loc":{"start":{"line":94,"column":27},"end":{"line":101,"column":5}},"line":94},"6":{"name":"(anonymous_6)","decl":{"start":{"line":119,"column":4},"end":{"line":119,"column":5}},"loc":{"start":{"line":119,"column":24},"end":{"line":146,"column":5}},"line":119}},"branchMap":{"0":{"loc":{"start":{"line":26,"column":15},"end":{"line":26,"column":69}},"type":"binary-expr","locations":[{"start":{"line":26,"column":15},"end":{"line":26,"column":40}},{"start":{"line":26,"column":44},"end":{"line":26,"column":69}}],"line":26},"1":{"loc":{"start":{"line":46,"column":15},"end":{"line":46,"column":71}},"type":"binary-expr","locations":[{"start":{"line":46,"column":15},"end":{"line":46,"column":43}},{"start":{"line":46,"column":47},"end":{"line":46,"column":71}}],"line":46},"2":{"loc":{"start":{"line":67,"column":8},"end":{"line":73,"column":9}},"type":"if","locations":[{"start":{"line":67,"column":8},"end":{"line":73,"column":9}},{"start":{"line":67,"column":8},"end":{"line":73,"column":9}}],"line":67},"3":{"loc":{"start":{"line":67,"column":11},"end":{"line":67,"column":67}},"type":"binary-expr","locations":[{"start":{"line":67,"column":11},"end":{"line":67,"column":37}},{"start":{"line":67,"column":41},"end":{"line":67,"column":67}}],"line":67},"4":{"loc":{"start":{"line":68,"column":40},"end":{"line":68,"column":98}},"type":"cond-expr","locations":[{"start":{"line":68,"column":71},"end":{"line":68,"column":81}},{"start":{"line":68,"column":84},"end":{"line":68,"column":98}}],"line":68},"5":{"loc":{"start":{"line":68,"column":100},"end":{"line":68,"column":150}},"type":"cond-expr","locations":[{"start":{"line":68,"column":127},"end":{"line":68,"column":135}},{"start":{"line":68,"column":138},"end":{"line":68,"column":150}}],"line":68},"6":{"loc":{"start":{"line":96,"column":8},"end":{"line":98,"column":9}},"type":"if","locations":[{"start":{"line":96,"column":8},"end":{"line":98,"column":9}},{"start":{"line":96,"column":8},"end":{"line":98,"column":9}}],"line":96},"7":{"loc":{"start":{"line":96,"column":11},"end":{"line":96,"column":67}},"type":"binary-expr","locations":[{"start":{"line":96,"column":11},"end":{"line":96,"column":37}},{"start":{"line":96,"column":41},"end":{"line":96,"column":67}}],"line":96},"8":{"loc":{"start":{"line":97,"column":34},"end":{"line":97,"column":92}},"type":"cond-expr","locations":[{"start":{"line":97,"column":65},"end":{"line":97,"column":75}},{"start":{"line":97,"column":78},"end":{"line":97,"column":92}}],"line":97},"9":{"loc":{"start":{"line":97,"column":94},"end":{"line":97,"column":144}},"type":"cond-expr","locations":[{"start":{"line":97,"column":121},"end":{"line":97,"column":129}},{"start":{"line":97,"column":132},"end":{"line":97,"column":144}}],"line":97},"10":{"loc":{"start":{"line":121,"column":8},"end":{"line":143,"column":9}},"type":"if","locations":[{"start":{"line":121,"column":8},"end":{"line":143,"column":9}},{"start":{"line":121,"column":8},"end":{"line":143,"column":9}}],"line":121},"11":{"loc":{"start":{"line":121,"column":11},"end":{"line":121,"column":65}},"type":"binary-expr","locations":[{"start":{"line":121,"column":11},"end":{"line":121,"column":36}},{"start":{"line":121,"column":40},"end":{"line":121,"column":65}}],"line":121},"12":{"loc":{"start":{"line":124,"column":12},"end":{"line":135,"column":13}},"type":"if","locations":[{"start":{"line":124,"column":12},"end":{"line":135,"column":13}},{"start":{"line":124,"column":12},"end":{"line":135,"column":13}}],"line":124}},"s":{"0":23,"1":23,"2":0,"3":2,"4":2,"5":2,"6":2,"7":1,"8":1,"9":1,"10":2,"11":2,"12":2,"13":1,"14":2,"15":2,"16":2,"17":1,"18":1,"19":1,"20":1,"21":1,"22":0,"23":0,"24":0,"25":0,"26":1,"27":1,"28":1,"29":1,"30":2,"31":1},"f":{"0":23,"1":0,"2":2,"3":2,"4":2,"5":2,"6":2},"b":{"0":[2,1],"1":[2,2],"2":[1,1],"3":[2,1],"4":[1,0],"5":[1,0],"6":[1,1],"7":[2,1],"8":[0,1],"9":[1,0],"10":[1,1],"11":[2,1],"12":[1,0]},"_coverageSchema":"43e27e138ebf9cfc5966b082cf9a028302ed4184","hash":"9211c8da52f103bc121ae76a2c2a2b0a873b40a7"}
,"/home/jonah/2A/test_integration/tp-jest/src/math.js": {"path":"/home/jonah/2A/test_integration/tp-jest/src/math.js","statementMap":{"0":{"start":{"line":1,"column":11},"end":{"line":1,"column":13}},"1":{"start":{"line":2,"column":0},"end":{"line":16,"column":2}},"2":{"start":{"line":3,"column":4},"end":{"line":5,"column":5}},"3":{"start":{"line":4,"column":8},"end":{"line":4,"column":17}},"4":{"start":{"line":7,"column":4},"end":{"line":9,"column":5}},"5":{"start":{"line":8,"column":8},"end":{"line":8,"column":27}},"6":{"start":{"line":11,"column":4},"end":{"line":13,"column":5}},"7":{"start":{"line":12,"column":8},"end":{"line":12,"column":29}},"8":{"start":{"line":15,"column":4},"end":{"line":15,"column":37}},"9":{"start":{"line":26,"column":0},"end":{"line":37,"column":2}},"10":{"start":{"line":27,"column":4},"end":{"line":29,"column":5}},"11":{"start":{"line":28,"column":8},"end":{"line":28,"column":21}},"12":{"start":{"line":30,"column":4},"end":{"line":32,"column":5}},"13":{"start":{"line":31,"column":8},"end":{"line":31,"column":49}},"14":{"start":{"line":33,"column":4},"end":{"line":34,"column":38}},"15":{"start":{"line":33,"column":17},"end":{"line":33,"column":18}},"16":{"start":{"line":34,"column":8},"end":{"line":34,"column":38}},"17":{"start":{"line":34,"column":25},"end":{"line":34,"column":38}},"18":{"start":{"line":35,"column":4},"end":{"line":35,"column":16}},"19":{"start":{"line":49,"column":0},"end":{"line":59,"column":2}},"20":{"start":{"line":50,"column":16},"end":{"line":50,"column":17}},"21":{"start":{"line":52,"column":4},"end":{"line":56,"column":5}},"22":{"start":{"line":52,"column":16},"end":{"line":52,"column":17}},"23":{"start":{"line":53,"column":8},"end":{"line":55,"column":9}},"24":{"start":{"line":54,"column":12},"end":{"line":54,"column":23}},"25":{"start":{"line":58,"column":4},"end":{"line":58,"column":17}},"26":{"start":{"line":73,"column":0},"end":{"line":91,"column":2}},"27":{"start":{"line":74,"column":14},"end":{"line":74,"column":16}},"28":{"start":{"line":76,"column":4},"end":{"line":76,"column":19}},"29":{"start":{"line":78,"column":4},"end":{"line":88,"column":5}},"30":{"start":{"line":78,"column":16},"end":{"line":78,"column":17}},"31":{"start":{"line":79,"column":8},"end":{"line":87,"column":9}},"32":{"start":{"line":80,"column":12},"end":{"line":80,"column":36}},"33":{"start":{"line":81,"column":14},"end":{"line":87,"column":9}},"34":{"start":{"line":82,"column":12},"end":{"line":82,"column":30}},"35":{"start":{"line":83,"column":14},"end":{"line":87,"column":9}},"36":{"start":{"line":84,"column":12},"end":{"line":84,"column":30}},"37":{"start":{"line":86,"column":12},"end":{"line":86,"column":27}},"38":{"start":{"line":90,"column":4},"end":{"line":90,"column":15}},"39":{"start":{"line":102,"column":0},"end":{"line":113,"column":2}},"40":{"start":{"line":103,"column":15},"end":{"line":103,"column":28}},"41":{"start":{"line":105,"column":18},"end":{"line":105,"column":20}},"42":{"start":{"line":107,"column":4},"end":{"line":110,"column":5}},"43":{"start":{"line":107,"column":16},"end":{"line":107,"column":17}},"44":{"start":{"line":108,"column":8},"end":{"line":109,"column":34}},"45":{"start":{"line":108,"column":30},"end":{"line":108,"column":90}},"46":{"start":{"line":109,"column":13},"end":{"line":109,"column":34}},"47":{"start":{"line":112,"column":4},"end":{"line":112,"column":19}},"48":{"start":{"line":127,"column":0},"end":{"line":135,"column":2}},"49":{"start":{"line":128,"column":12},"end":{"line":128,"column":13}},"50":{"start":{"line":137,"column":0},"end":{"line":137,"column":22}}},"fnMap":{"0":{"name":"(anonymous_0)","decl":{"start":{"line":2,"column":17},"end":{"line":2,"column":18}},"loc":{"start":{"line":2,"column":24},"end":{"line":16,"column":1}},"line":2},"1":{"name":"(anonymous_1)","decl":{"start":{"line":26,"column":15},"end":{"line":26,"column":16}},"loc":{"start":{"line":26,"column":28},"end":{"line":37,"column":1}},"line":26},"2":{"name":"(anonymous_2)","decl":{"start":{"line":49,"column":16},"end":{"line":49,"column":17}},"loc":{"start":{"line":49,"column":28},"end":{"line":59,"column":1}},"line":49},"3":{"name":"(anonymous_3)","decl":{"start":{"line":73,"column":16},"end":{"line":73,"column":17}},"loc":{"start":{"line":73,"column":28},"end":{"line":91,"column":1}},"line":73},"4":{"name":"(anonymous_4)","decl":{"start":{"line":102,"column":14},"end":{"line":102,"column":15}},"loc":{"start":{"line":102,"column":32},"end":{"line":113,"column":1}},"line":102},"5":{"name":"(anonymous_5)","decl":{"start":{"line":127,"column":13},"end":{"line":127,"column":14}},"loc":{"start":{"line":127,"column":29},"end":{"line":135,"column":1}},"line":127}},"branchMap":{"0":{"loc":{"start":{"line":3,"column":4},"end":{"line":5,"column":5}},"type":"if","locations":[{"start":{"line":3,"column":4},"end":{"line":5,"column":5}},{"start":{"line":3,"column":4},"end":{"line":5,"column":5}}],"line":3},"1":{"loc":{"start":{"line":7,"column":4},"end":{"line":9,"column":5}},"type":"if","locations":[{"start":{"line":7,"column":4},"end":{"line":9,"column":5}},{"start":{"line":7,"column":4},"end":{"line":9,"column":5}}],"line":7},"2":{"loc":{"start":{"line":11,"column":4},"end":{"line":13,"column":5}},"type":"if","locations":[{"start":{"line":11,"column":4},"end":{"line":13,"column":5}},{"start":{"line":11,"column":4},"end":{"line":13,"column":5}}],"line":11},"3":{"loc":{"start":{"line":27,"column":4},"end":{"line":29,"column":5}},"type":"if","locations":[{"start":{"line":27,"column":4},"end":{"line":29,"column":5}},{"start":{"line":27,"column":4},"end":{"line":29,"column":5}}],"line":27},"4":{"loc":{"start":{"line":27,"column":8},"end":{"line":27,"column":26}},"type":"binary-expr","locations":[{"start":{"line":27,"column":8},"end":{"line":27,"column":15}},{"start":{"line":27,"column":19},"end":{"line":27,"column":26}}],"line":27},"5":{"loc":{"start":{"line":30,"column":4},"end":{"line":32,"column":5}},"type":"if","locations":[{"start":{"line":30,"column":4},"end":{"line":32,"column":5}},{"start":{"line":30,"column":4},"end":{"line":32,"column":5}}],"line":30},"6":{"loc":{"start":{"line":34,"column":8},"end":{"line":34,"column":38}},"type":"if","locations":[{"start":{"line":34,"column":8},"end":{"line":34,"column":38}},{"start":{"line":34,"column":8},"end":{"line":34,"column":38}}],"line":34},"7":{"loc":{"start":{"line":53,"column":8},"end":{"line":55,"column":9}},"type":"if","locations":[{"start":{"line":53,"column":8},"end":{"line":55,"column":9}},{"start":{"line":53,"column":8},"end":{"line":55,"column":9}}],"line":53},"8":{"loc":{"start":{"line":79,"column":8},"end":{"line":87,"column":9}},"type":"if","locations":[{"start":{"line":79,"column":8},"end":{"line":87,"column":9}},{"start":{"line":79,"column":8},"end":{"line":87,"column":9}}],"line":79},"9":{"loc":{"start":{"line":79,"column":12},"end":{"line":79,"column":36}},"type":"binary-expr","locations":[{"start":{"line":79,"column":12},"end":{"line":79,"column":22}},{"start":{"line":79,"column":26},"end":{"line":79,"column":36}}],"line":79},"10":{"loc":{"start":{"line":81,"column":14},"end":{"line":87,"column":9}},"type":"if","locations":[{"start":{"line":81,"column":14},"end":{"line":87,"column":9}},{"start":{"line":81,"column":14},"end":{"line":87,"column":9}}],"line":81},"11":{"loc":{"start":{"line":83,"column":14},"end":{"line":87,"column":9}},"type":"if","locations":[{"start":{"line":83,"column":14},"end":{"line":87,"column":9}},{"start":{"line":83,"column":14},"end":{"line":87,"column":9}}],"line":83},"12":{"loc":{"start":{"line":108,"column":8},"end":{"line":109,"column":34}},"type":"if","locations":[{"start":{"line":108,"column":8},"end":{"line":109,"column":34}},{"start":{"line":108,"column":8},"end":{"line":109,"column":34}}],"line":108}},"s":{"0":1,"1":1,"2":11,"3":3,"4":8,"5":1,"6":7,"7":1,"8":6,"9":1,"10":18,"11":2,"12":16,"13":1,"14":15,"15":15,"16":89,"17":7,"18":8,"19":1,"20":1,"21":1,"22":1,"23":9,"24":4,"25":1,"26":1,"27":1,"28":1,"29":1,"30":1,"31":15,"32":1,"33":14,"34":4,"35":10,"36":2,"37":8,"38":1,"39":1,"40":1,"41":1,"42":1,"43":1,"44":13,"45":12,"46":1,"47":1,"48":1,"49":0,"50":1},"f":{"0":11,"1":18,"2":1,"3":1,"4":1,"5":0},"b":{"0":[3,8],"1":[1,7],"2":[1,6],"3":[2,16],"4":[18,17],"5":[1,15],"6":[7,82],"7":[4,5],"8":[1,14],"9":[15,5],"10":[4,10],"11":[2,8],"12":[12,1]},"_coverageSchema":"43e27e138ebf9cfc5966b082cf9a028302ed4184","hash":"8d1c63cbe54f06e0aa5a466bce4b8202c0dd9a14"}
}
