TN:
SF:/home/jonah/2A/test_integration/tp-jest/src/interval.js
FN:2,(anonymous_0)
FN:7,(anonymous_1)
FN:25,(anonymous_2)
FN:45,(anonymous_3)
FN:65,(anonymous_4)
FN:94,(anonymous_5)
FN:114,(anonymous_6)
FNF:7
FNH:4
FNDA:11,(anonymous_0)
FNDA:0,(anonymous_1)
FNDA:2,(anonymous_2)
FNDA:2,(anonymous_3)
FNDA:2,(anonymous_4)
FNDA:0,(anonymous_5)
FNDA:0,(anonymous_6)
DA:3,11
DA:4,11
DA:8,0
DA:26,2
DA:46,2
DA:66,2
DA:67,2
DA:68,1
DA:71,1
DA:72,1
DA:75,2
DA:119,1
LF:12
LH:11
BRDA:26,0,0,2
BRDA:26,0,1,1
BRDA:46,1,0,2
BRDA:46,1,1,2
BRDA:67,2,0,1
BRDA:67,2,1,1
BRDA:67,3,0,2
BRDA:67,3,1,1
BRDA:68,4,0,1
BRDA:68,4,1,0
BRDA:68,5,0,1
BRDA:68,5,1,0
BRF:12
BRH:10
end_of_record
TN:
SF:/home/jonah/2A/test_integration/tp-jest/src/math.js
FN:2,(anonymous_0)
FN:26,(anonymous_1)
FN:49,(anonymous_2)
FN:73,(anonymous_3)
FN:102,(anonymous_4)
FN:127,(anonymous_5)
FNF:6
FNH:5
FNDA:11,(anonymous_0)
FNDA:18,(anonymous_1)
FNDA:1,(anonymous_2)
FNDA:1,(anonymous_3)
FNDA:1,(anonymous_4)
FNDA:0,(anonymous_5)
DA:1,1
DA:2,1
DA:3,11
DA:4,3
DA:7,8
DA:8,1
DA:11,7
DA:12,1
DA:15,6
DA:26,1
DA:27,18
DA:28,2
DA:30,16
DA:31,1
DA:33,15
DA:34,89
DA:35,8
DA:49,1
DA:50,1
DA:52,1
DA:53,9
DA:54,4
DA:58,1
DA:73,1
DA:74,1
DA:76,1
DA:78,1
DA:79,15
DA:80,1
DA:81,14
DA:82,4
DA:83,10
DA:84,2
DA:86,8
DA:90,1
DA:102,1
DA:103,1
DA:105,1
DA:107,1
DA:108,13
DA:109,1
DA:112,1
DA:127,1
DA:128,0
DA:137,1
LF:45
LH:44
BRDA:3,0,0,3
BRDA:3,0,1,8
BRDA:7,1,0,1
BRDA:7,1,1,7
BRDA:11,2,0,1
BRDA:11,2,1,6
BRDA:27,3,0,2
BRDA:27,3,1,16
BRDA:27,4,0,18
BRDA:27,4,1,17
BRDA:30,5,0,1
BRDA:30,5,1,15
BRDA:34,6,0,7
BRDA:34,6,1,82
BRDA:53,7,0,4
BRDA:53,7,1,5
BRDA:79,8,0,1
BRDA:79,8,1,14
BRDA:79,9,0,15
BRDA:79,9,1,5
BRDA:81,10,0,4
BRDA:81,10,1,10
BRDA:83,11,0,2
BRDA:83,11,1,8
BRDA:108,12,0,12
BRDA:108,12,1,1
BRF:26
BRH:26
end_of_record
