TN:
SF:/home/jonah/2A/test_integration/tp-jest/src/book.repository.js
FN:6,(anonymous_0)
FN:10,(anonymous_1)
FN:17,(anonymous_2)
FN:24,(anonymous_3)
FN:39,(anonymous_4)
FN:69,(anonymous_5)
FNF:6
FNH:6
FNDA:17,(anonymous_0)
FNDA:2,(anonymous_1)
FNDA:5,(anonymous_2)
FNDA:3,(anonymous_3)
FNDA:5,(anonymous_4)
FNDA:5,(anonymous_5)
DA:7,17
DA:11,2
DA:18,5
DA:25,3
DA:26,3
DA:28,3
DA:29,11
DA:32,3
DA:40,5
DA:42,5
DA:43,3
DA:44,3
DA:47,5
DA:70,5
DA:71,5
DA:72,4
DA:74,4
DA:75,3
DA:77,3
DA:78,2
DA:79,2
DA:80,2
DA:81,2
DA:84,2
DA:85,8
DA:86,8
DA:87,8
DA:88,8
DA:89,6
DA:96,6
DA:97,6
DA:98,6
DA:100,8
DA:101,8
DA:104,2
DA:114,5
DA:121,1
LF:37
LH:37
BRDA:11,0,0,1
BRDA:11,0,1,1
BRDA:11,1,0,2
BRDA:11,1,1,1
BRDA:42,2,0,3
BRDA:42,2,1,2
BRDA:42,3,0,5
BRDA:42,3,1,3
BRDA:44,4,0,1
BRDA:44,4,1,2
BRDA:71,5,0,4
BRDA:71,5,1,1
BRDA:71,6,0,5
BRDA:71,6,1,4
BRDA:74,7,0,3
BRDA:74,7,1,1
BRDA:74,8,0,4
BRDA:74,8,1,3
BRDA:77,9,0,2
BRDA:77,9,1,1
BRDA:88,10,0,6
BRDA:88,10,1,2
BRDA:88,11,0,8
BRDA:88,11,1,6
BRF:24
BRH:24
end_of_record
TN:
SF:/home/jonah/2A/test_integration/tp-jest/src/interval.js
FN:2,(anonymous_0)
FN:7,(anonymous_1)
FN:25,(anonymous_2)
FN:45,(anonymous_3)
FN:65,(anonymous_4)
FN:100,(anonymous_5)
FN:125,(anonymous_6)
FNF:7
FNH:7
FNDA:56,(anonymous_0)
FNDA:1,(anonymous_1)
FNDA:2,(anonymous_2)
FNDA:2,(anonymous_3)
FNDA:6,(anonymous_4)
FNDA:6,(anonymous_5)
FNDA:8,(anonymous_6)
DA:3,56
DA:4,56
DA:8,1
DA:26,2
DA:46,2
DA:66,6
DA:67,6
DA:68,4
DA:69,3
DA:72,1
DA:73,1
DA:77,2
DA:81,6
DA:101,6
DA:102,6
DA:103,3
DA:106,6
DA:126,8
DA:127,8
DA:128,6
DA:131,5
DA:132,3
DA:133,2
DA:134,2
DA:135,2
DA:136,2
DA:139,1
DA:140,1
DA:141,1
DA:142,1
DA:146,2
DA:147,1
DA:148,1
DA:149,1
DA:150,1
DA:153,1
DA:154,1
DA:155,1
DA:156,1
DA:160,5
DA:161,5
DA:164,1
DA:165,1
DA:168,2
DA:170,8
DA:175,1
LF:46
LH:46
BRDA:26,0,0,2
BRDA:26,0,1,1
BRDA:46,1,0,2
BRDA:46,1,1,2
BRDA:67,2,0,4
BRDA:67,2,1,2
BRDA:67,3,0,6
BRDA:67,3,1,5
BRDA:68,4,0,3
BRDA:68,4,1,1
BRDA:68,5,0,4
BRDA:68,5,1,3
BRDA:69,6,0,1
BRDA:69,6,1,2
BRDA:69,7,0,2
BRDA:69,7,1,1
BRDA:102,8,0,3
BRDA:102,8,1,3
BRDA:102,9,0,6
BRDA:102,9,1,4
BRDA:102,9,2,4
BRDA:102,9,3,3
BRDA:103,10,0,1
BRDA:103,10,1,2
BRDA:103,11,0,1
BRDA:103,11,1,2
BRDA:127,12,0,6
BRDA:127,12,1,2
BRDA:127,13,0,8
BRDA:127,13,1,7
BRDA:128,14,0,5
BRDA:128,14,1,1
BRDA:128,15,0,6
BRDA:128,15,1,5
BRDA:131,16,0,3
BRDA:131,16,1,2
BRDA:132,17,0,2
BRDA:132,17,1,1
BRDA:146,18,0,1
BRDA:146,18,1,1
BRF:40
BRH:40
end_of_record
TN:
SF:/home/jonah/2A/test_integration/tp-jest/src/math.js
FN:2,(anonymous_0)
FN:26,(anonymous_1)
FN:49,(anonymous_2)
FN:73,(anonymous_3)
FN:102,(anonymous_4)
FN:128,(anonymous_5)
FNF:6
FNH:6
FNDA:11,(anonymous_0)
FNDA:18,(anonymous_1)
FNDA:1,(anonymous_2)
FNDA:1,(anonymous_3)
FNDA:1,(anonymous_4)
FNDA:6,(anonymous_5)
DA:1,1
DA:2,1
DA:3,11
DA:4,3
DA:7,8
DA:8,1
DA:11,7
DA:12,1
DA:15,6
DA:26,1
DA:27,18
DA:28,2
DA:30,16
DA:31,1
DA:33,15
DA:34,89
DA:35,8
DA:49,1
DA:50,1
DA:52,1
DA:53,9
DA:54,4
DA:58,1
DA:73,1
DA:74,1
DA:76,1
DA:78,1
DA:79,15
DA:80,1
DA:81,14
DA:82,4
DA:83,10
DA:84,2
DA:86,8
DA:90,1
DA:102,1
DA:103,1
DA:105,1
DA:107,1
DA:108,13
DA:109,1
DA:112,1
DA:128,1
DA:129,6
DA:130,6
DA:131,4
DA:133,4
DA:135,4
DA:136,4
DA:137,7
DA:138,5
DA:141,2
DA:142,2
DA:145,4
DA:146,2
DA:149,6
DA:152,1
LF:57
LH:57
BRDA:3,0,0,3
BRDA:3,0,1,8
BRDA:7,1,0,1
BRDA:7,1,1,7
BRDA:11,2,0,1
BRDA:11,2,1,6
BRDA:27,3,0,2
BRDA:27,3,1,16
BRDA:27,4,0,18
BRDA:27,4,1,17
BRDA:30,5,0,1
BRDA:30,5,1,15
BRDA:34,6,0,7
BRDA:34,6,1,82
BRDA:53,7,0,4
BRDA:53,7,1,5
BRDA:79,8,0,1
BRDA:79,8,1,14
BRDA:79,9,0,15
BRDA:79,9,1,5
BRDA:81,10,0,4
BRDA:81,10,1,10
BRDA:83,11,0,2
BRDA:83,11,1,8
BRDA:108,12,0,12
BRDA:108,12,1,1
BRDA:130,13,0,4
BRDA:130,13,1,2
BRDA:130,14,0,6
BRDA:130,14,1,5
BRDA:137,15,0,5
BRDA:137,15,1,2
BRDA:145,16,0,2
BRDA:145,16,1,2
BRF:34
BRH:34
end_of_record
